<?xml version="1.0" encoding="UTF-8"?>
<!-- Generated by org.testng.reporters.JUnitReportReporter -->
<testsuite skipped="0" hostname="WIN-Q1HIH6APM6I" name="suite.Api1_Test" tests="1" failures="0" timestamp="2021-11-21T20:14:15 CST" time="1.693" errors="0">
  <testcase name="requestTrue" time="1.693" classname="suite.Api1_Test"/>
  <system-out/>
</testsuite> <!-- suite.Api1_Test -->
