<?xml version="1.0" encoding="UTF-8"?>
<!-- Generated by org.testng.reporters.JUnitReportReporter -->
<testsuite skipped="0" hostname="WIN-Q1HIH6APM6I" name="utils.CookiesForGet" tests="1" failures="0" timestamp="2021-11-09T13:56:12 CST" time="0.005" errors="0">
  <testcase name="getCookies" time="0.005" classname="utils.CookiesForGet"/>
  <system-out/>
</testsuite> <!-- utils.CookiesForGet -->
