<?xml version="1.0" encoding="UTF-8"?>
<!-- Generated by org.testng.reporters.JUnitReportReporter -->
<testsuite skipped="0" hostname="WIN-Q1HIH6APM6I" name="cases.loginTest" tests="3" failures="0" timestamp="2021-11-10T00:43:36 CST" time="0.715" errors="0">
  <testcase name="loginunkonw" time="0.028" classname="cases.loginTest"/>
  <system-out/>
  <testcase name="loginTrue" time="0.661" classname="cases.loginTest"/>
  <system-out/>
  <testcase name="loginFalse" time="0.026" classname="cases.loginTest"/>
  <system-out/>
</testsuite> <!-- cases.loginTest -->
