<?xml version="1.0" encoding="UTF-8"?>
<!-- Generated by org.testng.reporters.JUnitReportReporter -->
<testsuite skipped="0" hostname="WIN-Q1HIH6APM6I" name="api_suite.Api1_Test" tests="1" failures="0" timestamp="2021-11-25T16:30:43 CST" time="11.796" errors="0">
  <testcase name="requestTrue" time="11.796" classname="api_suite.Api1_Test"/>
  <system-out/>
</testsuite> <!-- api_suite.Api1_Test -->
