<?xml version="1.0" encoding="UTF-8"?>
<!-- Generated by org.testng.reporters.JUnitReportReporter -->
<testsuite skipped="0" hostname="WIN-Q1HIH6APM6I" name="cases.NewTest" tests="1" failures="0" timestamp="2021-11-09T11:51:56 CST" time="0.008" errors="0">
  <testcase name="f" time="0.008" classname="cases.NewTest"/>
  <system-out/>
</testsuite> <!-- cases.NewTest -->
