<?xml version="1.0" encoding="UTF-8"?>
<!-- Generated by org.testng.reporters.JUnitReportReporter -->
<testsuite skipped="0" hostname="WIN-Q1HIH6APM6I" name="utils.GetResult_zZ" tests="1" failures="0" timestamp="2021-11-22T23:04:29 CST" time="0.864" errors="0">
  <testcase name="test" time="0.864" classname="utils.GetResult_zZ"/>
  <system-out/>
</testsuite> <!-- utils.GetResult_zZ -->
