<?xml version="1.0" encoding="UTF-8"?>
<!-- Generated by org.testng.reporters.JUnitReportReporter -->
<testsuite skipped="0" hostname="WIN-Q1HIH6APM6I" name="cases.loginTest" tests="1" failures="0" timestamp="2021-11-12T16:09:05 CST" time="1.439" errors="0">
  <testcase name="loginTrue" time="1.439" classname="cases.loginTest"/>
  <system-out/>
</testsuite> <!-- cases.loginTest -->
