<?xml version="1.0" encoding="UTF-8"?>
<!-- Generated by org.testng.reporters.JUnitReportReporter -->
<testsuite skipped="0" hostname="WIN-Q1HIH6APM6I" name="cases.bicyclingApiTest" tests="1" failures="0" timestamp="2021-11-20T12:24:47 CST" time="2.901" errors="0">
  <testcase name="requestTrue" time="2.901" classname="cases.bicyclingApiTest"/>
  <system-out/>
</testsuite> <!-- cases.bicyclingApiTest -->
