<?xml version="1.0" encoding="UTF-8"?>
<!-- Generated by org.testng.reporters.JUnitReportReporter -->
<testsuite skipped="0" hostname="WIN-Q1HIH6APM6I" name="api_suite.Api1_Test" tests="1" failures="0" timestamp="2021-11-24T00:58:27 CST" time="8.521" errors="0">
  <testcase name="requestTrue" time="8.521" classname="api_suite.Api1_Test"/>
  <system-out/>
</testsuite> <!-- api_suite.Api1_Test -->
