<?xml version="1.0" encoding="UTF-8"?>
<!-- Generated by org.testng.reporters.JUnitReportReporter -->
<testsuite skipped="0" hostname="WIN-Q1HIH6APM6I" name="cases.Api1_Test" tests="1" failures="0" timestamp="2021-11-20T21:28:29 CST" time="6.553" errors="0">
  <testcase name="requestTrue" time="6.553" classname="cases.Api1_Test"/>
  <system-out/>
</testsuite> <!-- cases.Api1_Test -->
