<?xml version="1.0" encoding="UTF-8"?>
<!-- Generated by org.testng.reporters.JUnitReportReporter -->
<testsuite skipped="0" hostname="WIN-Q1HIH6APM6I" name="cases.loginTest" tests="3" failures="0" timestamp="2021-11-11T00:38:40 CST" time="2.104" errors="0">
  <testcase name="loginTrue" time="0.058" classname="cases.loginTest"/>
  <system-out/>
  <testcase name="loginunkonw" time="0.266" classname="cases.loginTest"/>
  <system-out/>
  <testcase name="loginFalse" time="1.780" classname="cases.loginTest"/>
  <system-out/>
</testsuite> <!-- cases.loginTest -->
