<?xml version="1.0" encoding="UTF-8"?>
<!-- Generated by org.testng.reporters.JUnitReportReporter -->
<testsuite skipped="0" hostname="WIN-Q1HIH6APM6I" name="utils.PostResult_zZ" tests="1" failures="0" timestamp="2021-11-23T23:40:09 CST" time="0.033" errors="0">
  <testcase name="test" time="0.033" classname="utils.PostResult_zZ"/>
  <system-out/>
</testsuite> <!-- utils.PostResult_zZ -->
